2024-12-06T12:21:53.434+05:30  INFO 36376 --- [main] com.portal.bid.BidApplicationTests       : Starting BidApplicationTests using Java 17.0.13 with PID 36376 (started by stl-kevlin in /home/stl-kevlin/BidPortalDeployment/Backend/Bid-Opportunity-Portal-Backend)
2024-12-06T12:21:53.439+05:30  INFO 36376 --- [main] com.portal.bid.BidApplicationTests       : No active profile set, falling back to 1 default profile: "default"
2024-12-06T12:21:54.958+05:30  INFO 36376 --- [main] .s.d.r.c.RepositoryConfigurationDelegate : Bootstrapping Spring Data JPA repositories in DEFAULT mode.
2024-12-06T12:21:55.136+05:30  INFO 36376 --- [main] .s.d.r.c.RepositoryConfigurationDelegate : Finished Spring Data repository scanning in 168 ms. Found 22 JPA repository interfaces.
2024-12-06T12:21:56.050+05:30  INFO 36376 --- [main] o.hibernate.jpa.internal.util.LogHelper  : HHH000204: Processing PersistenceUnitInfo [name: default]
2024-12-06T12:21:56.100+05:30  INFO 36376 --- [main] org.hibernate.Version                    : HHH000412: Hibernate ORM core version 6.5.2.Final
2024-12-06T12:21:56.137+05:30  INFO 36376 --- [main] o.h.c.internal.RegionFactoryInitiator    : HHH000026: Second-level cache disabled
2024-12-06T12:21:56.482+05:30  INFO 36376 --- [main] o.s.o.j.p.SpringPersistenceUnitInfo      : No LoadTimeWeaver setup: ignoring JPA class transformer
2024-12-06T12:21:56.511+05:30  INFO 36376 --- [main] com.zaxxer.hikari.HikariDataSource       : HikariPool-1 - Starting...
2024-12-06T12:21:57.028+05:30  INFO 36376 --- [main] com.zaxxer.hikari.pool.HikariPool        : HikariPool-1 - Added connection org.postgresql.jdbc.PgConnection@3722f39d
2024-12-06T12:21:57.036+05:30  INFO 36376 --- [main] com.zaxxer.hikari.HikariDataSource       : HikariPool-1 - Start completed.
2024-12-06T12:21:59.536+05:30  INFO 36376 --- [main] o.h.e.t.j.p.i.JtaPlatformInitiator       : HHH000489: No JTA platform available (set 'hibernate.transaction.jta.platform' to enable JTA platform integration)
2024-12-06T12:21:59.692+05:30  INFO 36376 --- [main] j.LocalContainerEntityManagerFactoryBean : Initialized JPA EntityManagerFactory for persistence unit 'default'
2024-12-06T12:22:00.003+05:30  INFO 36376 --- [main] o.s.d.j.r.query.QueryEnhancerFactory     : Hibernate is in classpath; If applicable, HQL parser will be used.
2024-12-06T12:22:01.920+05:30  INFO 36376 --- [main] eAuthenticationProviderManagerConfigurer : Global AuthenticationManager configured with AuthenticationProvider bean with name authenticationProvider
2024-12-06T12:22:01.922+05:30  WARN 36376 --- [main] r$InitializeUserDetailsManagerConfigurer : Global AuthenticationManager configured with an AuthenticationProvider bean. UserDetailsService beans will not be used for username/password login. Consider removing the AuthenticationProvider bean. Alternatively, consider using the UserDetailsService in a manually instantiated DaoAuthenticationProvider.
2024-12-06T12:22:02.564+05:30  WARN 36376 --- [main] JpaBaseConfiguration$JpaWebConfiguration : spring.jpa.open-in-view is enabled by default. Therefore, database queries may be performed during view rendering. Explicitly configure spring.jpa.open-in-view to disable this warning
2024-12-06T12:22:03.078+05:30 TRACE 36376 --- [main] o.s.s.s.c.OpenSamlInitializationService  : Initializing OpenSAML
2024-12-06T12:22:03.079+05:30  INFO 36376 --- [main] o.o.core.config.InitializationService    : Initializing OpenSAML using the Java Services API
2024-12-06T12:22:04.396+05:30  INFO 36376 --- [main] o.o.xmlsec.algorithm.AlgorithmRegistry   : Algorithm failed runtime support check, will not be usable: http://www.w3.org/2001/04/xmlenc#ripemd160
2024-12-06T12:22:04.398+05:30  INFO 36376 --- [main] o.o.xmlsec.algorithm.AlgorithmRegistry   : Algorithm failed runtime support check, will not be usable: http://www.w3.org/2001/04/xmldsig-more#hmac-ripemd160
2024-12-06T12:22:04.405+05:30  INFO 36376 --- [main] o.o.xmlsec.algorithm.AlgorithmRegistry   : Algorithm failed runtime support check, will not be usable: http://www.w3.org/2001/04/xmldsig-more#rsa-ripemd160
2024-12-06T12:22:04.542+05:30 DEBUG 36376 --- [main] o.s.s.s.c.OpenSamlInitializationService  : Initialized OpenSAML
2024-12-06T12:22:04.615+05:30 DEBUG 36376 --- [main] o.s.s.s.c.OpenSamlInitializationService  : Refused to re-initialize OpenSAML
2024-12-06T12:22:04.622+05:30 DEBUG 36376 --- [main] o.s.s.s.c.OpenSamlInitializationService  : Refused to re-initialize OpenSAML
2024-12-06T12:22:04.645+05:30 DEBUG 36376 --- [main] o.s.s.s.c.OpenSamlInitializationService  : Refused to re-initialize OpenSAML
2024-12-06T12:22:04.651+05:30 DEBUG 36376 --- [main] o.s.s.web.DefaultSecurityFilterChain     : Will secure Or [Mvc [pattern='/saml2/**'], Mvc [pattern='/login/saml2/**'], Mvc [pattern='/api/user/sso-error'], Mvc [pattern='/api/user/sso/login']] with filters: DisableEncodeUrlFilter, WebAsyncManagerIntegrationFilter, SecurityContextHolderFilter, HeaderWriterFilter, CorsFilter, LogoutFilter, Saml2WebSsoAuthenticationRequestFilter, Saml2WebSsoAuthenticationFilter, DefaultLoginPageGeneratingFilter, DefaultLogoutPageGeneratingFilter, RequestCacheAwareFilter, SecurityContextHolderAwareRequestFilter, AnonymousAuthenticationFilter, ExceptionTranslationFilter, AuthorizationFilter
2024-12-06T12:22:04.659+05:30 DEBUG 36376 --- [main] o.s.s.web.DefaultSecurityFilterChain     : Will secure Or [Mvc [pattern='/api/scrape/receive']] with filters: DisableEncodeUrlFilter, WebAsyncManagerIntegrationFilter, SecurityContextHolderFilter, HeaderWriterFilter, CorsFilter, LogoutFilter, ApiKeyAuthFilter, RequestCacheAwareFilter, SecurityContextHolderAwareRequestFilter, AnonymousAuthenticationFilter, SessionManagementFilter, ExceptionTranslationFilter, AuthorizationFilter
2024-12-06T12:22:04.664+05:30 DEBUG 36376 --- [main] o.s.s.web.DefaultSecurityFilterChain     : Will secure Or [Mvc [pattern='/api/user/loginUser'], Mvc [pattern='/api/user/renewToken']] with filters: DisableEncodeUrlFilter, WebAsyncManagerIntegrationFilter, SecurityContextHolderFilter, HeaderWriterFilter, CorsFilter, LogoutFilter, RequestCacheAwareFilter, SecurityContextHolderAwareRequestFilter, AnonymousAuthenticationFilter, ExceptionTranslationFilter, AuthorizationFilter
2024-12-06T12:22:04.671+05:30 DEBUG 36376 --- [main] o.s.s.web.DefaultSecurityFilterChain     : Will secure any request with filters: DisableEncodeUrlFilter, WebAsyncManagerIntegrationFilter, SecurityContextHolderFilter, HeaderWriterFilter, CorsFilter, LogoutFilter, SecurityFilter, RequestCacheAwareFilter, SecurityContextHolderAwareRequestFilter, AnonymousAuthenticationFilter, SessionManagementFilter, ExceptionTranslationFilter, AuthorizationFilter
2024-12-06T12:22:05.166+05:30  INFO 36376 --- [main] com.portal.bid.BidApplicationTests       : Started BidApplicationTests in 12.182 seconds (process running for 13.741)
2024-12-06T12:22:05.993+05:30  INFO 36376 --- [SpringApplicationShutdownHook] j.LocalContainerEntityManagerFactoryBean : Closing JPA EntityManagerFactory for persistence unit 'default'
2024-12-06T12:22:05.999+05:30  INFO 36376 --- [SpringApplicationShutdownHook] com.zaxxer.hikari.HikariDataSource       : HikariPool-1 - Shutdown initiated...
2024-12-06T12:22:06.053+05:30  INFO 36376 --- [SpringApplicationShutdownHook] com.zaxxer.hikari.HikariDataSource       : HikariPool-1 - Shutdown completed.
